#
# There is insufficient memory for the Java Runtime Environment to continue.
# Native memory allocation (malloc) failed to allocate 636416 bytes for Chunk::new
# Possible reasons:
#   The system is out of physical RAM or swap space
#   The process is running with CompressedOops enabled, and the Java Heap may be blocking the growth of the native heap
# Possible solutions:
#   Reduce memory load on the system
#   Increase physical memory or swap space
#   Check if swap backing store is full
#   Decrease Java heap size (-Xmx/-Xms)
#   Decrease number of Java threads
#   Decrease Java thread stack sizes (-Xss)
#   Set larger code cache with -XX:ReservedCodeCacheSize=
#   JVM is running with Unscaled Compressed Oops mode in which the Java heap is
#     placed in the first 4GB address space. The Java Heap base address is the
#     maximum limit for the native heap growth. Please use -XX:HeapBaseMinAddress
#     to set the Java Heap base and to place the Java Heap above 4GB virtual address.
# This output file may be truncated or incomplete.
#
#  Out of Memory Error (arena.cpp:189), pid=9448, tid=3760
#
# JRE version: Java(TM) SE Runtime Environment (17.0.9+11) (build 17.0.9+11-LTS-201)
# Java VM: Java HotSpot(TM) 64-Bit Server VM (17.0.9+11-LTS-201, mixed mode, sharing, tiered, compressed oops, compressed class ptrs, g1 gc, windows-amd64)
# No core dump will be written. Minidumps are not enabled by default on client versions of Windows
#

---------------  S U M M A R Y ------------

Command Line: -javaagent:C:\Program Files\JetBrains\IntelliJ IDEA Community Edition 2023.3.1\lib\idea_rt.jar=61119:C:\Program Files\JetBrains\IntelliJ IDEA Community Edition 2023.3.1\bin -Dfile.encoding=UTF-8 com.store.store.StoreApplication

Host: AMD Ryzen 5 3500U with Radeon Vega Mobile Gfx  , 8 cores, 3G,  Windows 10 , 64 bit Build 19041 (10.0.19041.3636)
Time: Wed Dec 20 20:56:20 2023 Türkiye Standart Saati elapsed time: 28.267037 seconds (0d 0h 0m 28s)

---------------  T H R E A D  ---------------

Current thread (0x0000018e00262390):  JavaThread "C2 CompilerThread0" daemon [_thread_in_native, id=3760, stack(0x0000003b5b900000,0x0000003b5ba00000)]


Current CompileTask:
C2:  28267 6382       4       org.springframework.core.BridgeMethodResolver::findBridgedMethod (117 bytes)

Stack: [0x0000003b5b900000,0x0000003b5ba00000]
Native frames: (J=compiled Java code, j=interpreted, Vv=VM code, C=native code)
V  [jvm.dll+0x678a4a]
V  [jvm.dll+0x7d9cfd]
V  [jvm.dll+0x7db60e]
V  [jvm.dll+0x7dbc73]
V  [jvm.dll+0x245e1f]
V  [jvm.dll+0xaaafb]
V  [jvm.dll+0xab09c]
V  [jvm.dll+0x2ab7ef]
V  [jvm.dll+0x5812e5]
V  [jvm.dll+0x220c52]
V  [jvm.dll+0x219c3f]
V  [jvm.dll+0x217459]
V  [jvm.dll+0x1a3bc0]
V  [jvm.dll+0x2272de]
V  [jvm.dll+0x22548b]
V  [jvm.dll+0x78f58c]
V  [jvm.dll+0x78998a]
V  [jvm.dll+0x677875]
C  [ucrtbase.dll+0x21bb2]
C  [KERNEL32.DLL+0x17344]
C  [ntdll.dll+0x526b1]


---------------  P R O C E S S  ---------------

Threads class SMR info:
_java_thread_list=0x0000018e486b7520, length=32, elements={
0x0000018e64c82810, 0x0000018e64c835a0, 0x0000018e64c992e0, 0x0000018e64c9c0c0,
0x0000018e64c9d130, 0x0000018e64c9e1a0, 0x0000018e00262390, 0x0000018e00264cb0,
0x0000018e00266150, 0x0000018e0045a010, 0x0000018e0045be70, 0x0000018e0045c380,
0x0000018e0045aa30, 0x0000018e0045af40, 0x0000018e0045b450, 0x0000018e4848ab20,
0x0000018e4848f200, 0x0000018e48488cc0, 0x0000018e4848c470, 0x0000018e4848b030,
0x0000018e4848d8b0, 0x0000018e4848e7e0, 0x0000018e48490640, 0x0000018e4848a610,
0x0000018e4848b540, 0x0000018e4848e2d0, 0x0000018e4848ba50, 0x0000018e48489bf0,
0x0000018e4848bf60, 0x0000018e4848ce90, 0x0000018e4848c980, 0x0000018e4848f710
}

Java Threads: ( => current thread )
  0x0000018e64c82810 JavaThread "Reference Handler" daemon [_thread_blocked, id=12796, stack(0x0000003b5b300000,0x0000003b5b400000)]
  0x0000018e64c835a0 JavaThread "Finalizer" daemon [_thread_blocked, id=1612, stack(0x0000003b5b400000,0x0000003b5b500000)]
  0x0000018e64c992e0 JavaThread "Signal Dispatcher" daemon [_thread_blocked, id=11364, stack(0x0000003b5b500000,0x0000003b5b600000)]
  0x0000018e64c9c0c0 JavaThread "Attach Listener" daemon [_thread_blocked, id=13072, stack(0x0000003b5b600000,0x0000003b5b700000)]
  0x0000018e64c9d130 JavaThread "Service Thread" daemon [_thread_blocked, id=11260, stack(0x0000003b5b700000,0x0000003b5b800000)]
  0x0000018e64c9e1a0 JavaThread "Monitor Deflation Thread" daemon [_thread_blocked, id=6812, stack(0x0000003b5b800000,0x0000003b5b900000)]
=>0x0000018e00262390 JavaThread "C2 CompilerThread0" daemon [_thread_in_native, id=3760, stack(0x0000003b5b900000,0x0000003b5ba00000)]
  0x0000018e00264cb0 JavaThread "C1 CompilerThread0" daemon [_thread_blocked, id=11632, stack(0x0000003b5ba00000,0x0000003b5bb00000)]
  0x0000018e00266150 JavaThread "Sweeper thread" daemon [_thread_blocked, id=13088, stack(0x0000003b5bb00000,0x0000003b5bc00000)]
  0x0000018e0045a010 JavaThread "Common-Cleaner" daemon [_thread_blocked, id=6824, stack(0x0000003b5bc00000,0x0000003b5bd00000)]
  0x0000018e0045be70 JavaThread "Monitor Ctrl-Break" daemon [_thread_in_native, id=6296, stack(0x0000003b5bd00000,0x0000003b5be00000)]
  0x0000018e0045c380 JavaThread "Notification Thread" daemon [_thread_blocked, id=9516, stack(0x0000003b5be00000,0x0000003b5bf00000)]
  0x0000018e0045aa30 JavaThread "Catalina-utility-1" [_thread_blocked, id=9020, stack(0x0000003b5ca00000,0x0000003b5cb00000)]
  0x0000018e0045af40 JavaThread "Catalina-utility-2" [_thread_blocked, id=9968, stack(0x0000003b5cb00000,0x0000003b5cc00000)]
  0x0000018e0045b450 JavaThread "container-0" [_thread_blocked, id=13232, stack(0x0000003b5cc00000,0x0000003b5cd00000)]
  0x0000018e4848ab20 JavaThread "PostgreSQL-JDBC-Cleaner" daemon [_thread_blocked, id=10228, stack(0x0000003b5ce00000,0x0000003b5cf00000)]
  0x0000018e4848f200 JavaThread "HikariPool-1 housekeeper" daemon [_thread_blocked, id=7092, stack(0x0000003b5cf00000,0x0000003b5d000000)]
  0x0000018e48488cc0 JavaThread "File Watcher" daemon [_thread_blocked, id=13816, stack(0x0000003b5d000000,0x0000003b5d100000)]
  0x0000018e4848c470 JavaThread "Live Reload Server" daemon [_thread_in_native, id=13824, stack(0x0000003b5d200000,0x0000003b5d300000)]
  0x0000018e4848b030 JavaThread "http-nio-8080-exec-1" daemon [_thread_blocked, id=13836, stack(0x0000003b5d100000,0x0000003b5d200000)]
  0x0000018e4848d8b0 JavaThread "http-nio-8080-exec-2" daemon [_thread_blocked, id=13840, stack(0x0000003b5d300000,0x0000003b5d400000)]
  0x0000018e4848e7e0 JavaThread "http-nio-8080-exec-3" daemon [_thread_blocked, id=13844, stack(0x0000003b5d400000,0x0000003b5d500000)]
  0x0000018e48490640 JavaThread "http-nio-8080-exec-4" daemon [_thread_blocked, id=13848, stack(0x0000003b5d500000,0x0000003b5d600000)]
  0x0000018e4848a610 JavaThread "http-nio-8080-exec-5" daemon [_thread_blocked, id=13852, stack(0x0000003b5d600000,0x0000003b5d700000)]
  0x0000018e4848b540 JavaThread "http-nio-8080-exec-6" daemon [_thread_blocked, id=13856, stack(0x0000003b5d700000,0x0000003b5d800000)]
  0x0000018e4848e2d0 JavaThread "http-nio-8080-exec-7" daemon [_thread_blocked, id=13860, stack(0x0000003b5d800000,0x0000003b5d900000)]
  0x0000018e4848ba50 JavaThread "http-nio-8080-exec-8" daemon [_thread_blocked, id=13864, stack(0x0000003b5d900000,0x0000003b5da00000)]
  0x0000018e48489bf0 JavaThread "http-nio-8080-exec-9" daemon [_thread_blocked, id=13868, stack(0x0000003b5da00000,0x0000003b5db00000)]
  0x0000018e4848bf60 JavaThread "http-nio-8080-exec-10" daemon [_thread_blocked, id=13872, stack(0x0000003b5db00000,0x0000003b5dc00000)]
  0x0000018e4848ce90 JavaThread "http-nio-8080-Poller" daemon [_thread_in_native, id=13880, stack(0x0000003b5dc00000,0x0000003b5dd00000)]
  0x0000018e4848c980 JavaThread "http-nio-8080-Acceptor" daemon [_thread_in_native, id=13884, stack(0x0000003b5dd00000,0x0000003b5de00000)]
  0x0000018e4848f710 JavaThread "DestroyJavaVM" [_thread_blocked, id=9712, stack(0x0000003b5ac00000,0x0000003b5ad00000)]

Other Threads:
  0x0000018e64c7d860 VMThread "VM Thread" [stack: 0x0000003b5b200000,0x0000003b5b300000] [id=2528]
  0x0000018e008031f0 WatcherThread [stack: 0x0000003b5bf00000,0x0000003b5c000000] [id=13208]
  0x0000018e64c038f0 GCTaskThread "GC Thread#0" [stack: 0x0000003b5ad00000,0x0000003b5ae00000] [id=11180]
  0x0000018e4673e7d0 GCTaskThread "GC Thread#1" [stack: 0x0000003b5c200000,0x0000003b5c300000] [id=12780]
  0x0000018e4673ea90 GCTaskThread "GC Thread#2" [stack: 0x0000003b5c300000,0x0000003b5c400000] [id=9052]
  0x0000018e005c6a50 GCTaskThread "GC Thread#3" [stack: 0x0000003b5c400000,0x0000003b5c500000] [id=8160]
  0x0000018e005c6d10 GCTaskThread "GC Thread#4" [stack: 0x0000003b5c500000,0x0000003b5c600000] [id=6056]
  0x0000018e005c6fd0 GCTaskThread "GC Thread#5" [stack: 0x0000003b5c600000,0x0000003b5c700000] [id=8000]
  0x0000018e4676d210 GCTaskThread "GC Thread#6" [stack: 0x0000003b5c700000,0x0000003b5c800000] [id=2812]
  0x0000018e467561d0 GCTaskThread "GC Thread#7" [stack: 0x0000003b5c800000,0x0000003b5c900000] [id=7492]
  0x0000018e64c0c3a0 ConcurrentGCThread "G1 Main Marker" [stack: 0x0000003b5ae00000,0x0000003b5af00000] [id=5940]
  0x0000018e64c0ccc0 ConcurrentGCThread "G1 Conc#0" [stack: 0x0000003b5af00000,0x0000003b5b000000] [id=8612]
  0x0000018e46323e30 ConcurrentGCThread "G1 Conc#1" [stack: 0x0000003b5c900000,0x0000003b5ca00000] [id=12504]
  0x0000018e64c5c250 ConcurrentGCThread "G1 Refine#0" [stack: 0x0000003b5b000000,0x0000003b5b100000] [id=10920]
  0x0000018e64c5ccd0 ConcurrentGCThread "G1 Service" [stack: 0x0000003b5b100000,0x0000003b5b200000] [id=12584]

Threads with active compile tasks:
C2 CompilerThread0    28314 6382       4       org.springframework.core.BridgeMethodResolver::findBridgedMethod (117 bytes)

VM state: not at safepoint (normal execution)

VM Mutex/Monitor currently owned by a thread: None

Heap address: 0x00000000c9e00000, size: 866 MB, Compressed Oops mode: 32-bit

CDS archive(s) mapped at: [0x0000018e01000000-0x0000018e01bd0000-0x0000018e01bd0000), size 12386304, SharedBaseAddress: 0x0000018e01000000, ArchiveRelocationMode: 1.
Compressed class space mapped at: 0x0000018e02000000-0x0000018e42000000, reserved size: 1073741824
Narrow klass base: 0x0000018e01000000, Narrow klass shift: 0, Narrow klass range: 0x100000000

GC Precious Log:
 CPUs: 8 total, 8 available
 Memory: 3460M
 Large Page Support: Disabled
 NUMA Support: Disabled
 Compressed Oops: Enabled (32-bit)
 Heap Region Size: 1M
 Heap Min Capacity: 8M
 Heap Initial Capacity: 56M
 Heap Max Capacity: 866M
 Pre-touch: Disabled
 Parallel Workers: 8
 Concurrent Workers: 2
 Concurrent Refinement Workers: 8
 Periodic GC: Disabled

Heap:
 garbage-first heap   total 196608K, used 86365K [0x00000000c9e00000, 0x0000000100000000)
  region size 1024K, 38 young (38912K), 10 survivors (10240K)
 Metaspace       used 64654K, committed 65280K, reserved 1114112K
  class space    used 8734K, committed 9024K, reserved 1048576K

Heap Regions: E=young(eden), S=young(survivor), O=old, HS=humongous(starts), HC=humongous(continues), CS=collection set, F=free, OA=open archive, CA=closed archive, TAMS=top-at-mark-start (previous, next)
|   0|0x00000000c9e00000, 0x00000000c9f00000, 0x00000000c9f00000|100%|HS|  |TAMS 0x00000000c9f00000, 0x00000000c9e00000| Complete 
|   1|0x00000000c9f00000, 0x00000000ca000000, 0x00000000ca000000|100%| O|  |TAMS 0x00000000ca000000, 0x00000000c9f00000| Untracked 
|   2|0x00000000ca000000, 0x00000000ca100000, 0x00000000ca100000|100%| O|  |TAMS 0x00000000ca100000, 0x00000000ca000000| Untracked 
|   3|0x00000000ca100000, 0x00000000ca200000, 0x00000000ca200000|100%| O|  |TAMS 0x00000000ca200000, 0x00000000ca100000| Untracked 
|   4|0x00000000ca200000, 0x00000000ca300000, 0x00000000ca300000|100%| O|  |TAMS 0x00000000ca300000, 0x00000000ca200000| Untracked 
|   5|0x00000000ca300000, 0x00000000ca400000, 0x00000000ca400000|100%| O|  |TAMS 0x00000000ca400000, 0x00000000ca300000| Untracked 
|   6|0x00000000ca400000, 0x00000000ca500000, 0x00000000ca500000|100%| O|  |TAMS 0x00000000ca500000, 0x00000000ca400000| Untracked 
|   7|0x00000000ca500000, 0x00000000ca600000, 0x00000000ca600000|100%| O|  |TAMS 0x00000000ca600000, 0x00000000ca500000| Untracked 
|   8|0x00000000ca600000, 0x00000000ca700000, 0x00000000ca700000|100%| O|  |TAMS 0x00000000ca700000, 0x00000000ca600000| Untracked 
|   9|0x00000000ca700000, 0x00000000ca800000, 0x00000000ca800000|100%| O|  |TAMS 0x00000000ca800000, 0x00000000ca700000| Untracked 
|  10|0x00000000ca800000, 0x00000000ca900000, 0x00000000ca900000|100%| O|  |TAMS 0x00000000ca900000, 0x00000000ca800000| Untracked 
|  11|0x00000000ca900000, 0x00000000caa00000, 0x00000000caa00000|100%| O|  |TAMS 0x00000000caa00000, 0x00000000ca900000| Untracked 
|  12|0x00000000caa00000, 0x00000000cab00000, 0x00000000cab00000|100%| O|  |TAMS 0x00000000cab00000, 0x00000000caa00000| Untracked 
|  13|0x00000000cab00000, 0x00000000cac00000, 0x00000000cac00000|100%| O|  |TAMS 0x00000000cac00000, 0x00000000cab00000| Untracked 
|  14|0x00000000cac00000, 0x00000000cad00000, 0x00000000cad00000|100%| O|  |TAMS 0x00000000cad00000, 0x00000000cac00000| Untracked 
|  15|0x00000000cad00000, 0x00000000cae00000, 0x00000000cae00000|100%| O|  |TAMS 0x00000000cae00000, 0x00000000cad00000| Untracked 
|  16|0x00000000cae00000, 0x00000000caf00000, 0x00000000caf00000|100%| O|  |TAMS 0x00000000caf00000, 0x00000000cae00000| Untracked 
|  17|0x00000000caf00000, 0x00000000cb000000, 0x00000000cb000000|100%| O|  |TAMS 0x00000000cb000000, 0x00000000caf00000| Untracked 
|  18|0x00000000cb000000, 0x00000000cb100000, 0x00000000cb100000|100%| O|  |TAMS 0x00000000cb100000, 0x00000000cb000000| Untracked 
|  19|0x00000000cb100000, 0x00000000cb200000, 0x00000000cb200000|100%| O|  |TAMS 0x00000000cb200000, 0x00000000cb100000| Untracked 
|  20|0x00000000cb200000, 0x00000000cb300000, 0x00000000cb300000|100%| O|  |TAMS 0x00000000cb300000, 0x00000000cb200000| Untracked 
|  21|0x00000000cb300000, 0x00000000cb400000, 0x00000000cb400000|100%| O|  |TAMS 0x00000000cb400000, 0x00000000cb300000| Untracked 
|  22|0x00000000cb400000, 0x00000000cb500000, 0x00000000cb500000|100%| O|  |TAMS 0x00000000cb500000, 0x00000000cb400000| Untracked 
|  23|0x00000000cb500000, 0x00000000cb600000, 0x00000000cb600000|100%| O|  |TAMS 0x00000000cb600000, 0x00000000cb500000| Untracked 
|  24|0x00000000cb600000, 0x00000000cb700000, 0x00000000cb700000|100%| O|  |TAMS 0x00000000cb700000, 0x00000000cb600000| Untracked 
|  25|0x00000000cb700000, 0x00000000cb800000, 0x00000000cb800000|100%| O|  |TAMS 0x00000000cb800000, 0x00000000cb700000| Untracked 
|  26|0x00000000cb800000, 0x00000000cb900000, 0x00000000cb900000|100%| O|  |TAMS 0x00000000cb900000, 0x00000000cb800000| Untracked 
|  27|0x00000000cb900000, 0x00000000cba00000, 0x00000000cba00000|100%| O|  |TAMS 0x00000000cba00000, 0x00000000cb900000| Untracked 
|  28|0x00000000cba00000, 0x00000000cbb00000, 0x00000000cbb00000|100%| O|  |TAMS 0x00000000cbb00000, 0x00000000cba00000| Untracked 
|  29|0x00000000cbb00000, 0x00000000cbc00000, 0x00000000cbc00000|100%| O|  |TAMS 0x00000000cbc00000, 0x00000000cbb00000| Untracked 
|  30|0x00000000cbc00000, 0x00000000cbd00000, 0x00000000cbd00000|100%| O|  |TAMS 0x00000000cbd00000, 0x00000000cbc00000| Untracked 
|  31|0x00000000cbd00000, 0x00000000cbe00000, 0x00000000cbe00000|100%| O|  |TAMS 0x00000000cbd00000, 0x00000000cbd00000| Untracked 
|  32|0x00000000cbe00000, 0x00000000cbf00000, 0x00000000cbf00000|100%| O|  |TAMS 0x00000000cbf00000, 0x00000000cbe00000| Untracked 
|  33|0x00000000cbf00000, 0x00000000cc000000, 0x00000000cc000000|100%| O|  |TAMS 0x00000000cc000000, 0x00000000cbf00000| Untracked 
|  34|0x00000000cc000000, 0x00000000cc100000, 0x00000000cc100000|100%| O|  |TAMS 0x00000000cc100000, 0x00000000cc000000| Untracked 
|  35|0x00000000cc100000, 0x00000000cc200000, 0x00000000cc200000|100%| O|  |TAMS 0x00000000cc200000, 0x00000000cc100000| Untracked 
|  36|0x00000000cc200000, 0x00000000cc300000, 0x00000000cc300000|100%| O|  |TAMS 0x00000000cc2dae00, 0x00000000cc200000| Untracked 
|  37|0x00000000cc300000, 0x00000000cc400000, 0x00000000cc400000|100%| O|  |TAMS 0x00000000cc300000, 0x00000000cc300000| Untracked 
|  38|0x00000000cc400000, 0x00000000cc500000, 0x00000000cc500000|100%| O|  |TAMS 0x00000000cc400000, 0x00000000cc400000| Untracked 
|  39|0x00000000cc500000, 0x00000000cc600000, 0x00000000cc600000|100%| O|  |TAMS 0x00000000cc500000, 0x00000000cc500000| Untracked 
|  40|0x00000000cc600000, 0x00000000cc700000, 0x00000000cc700000|100%| O|  |TAMS 0x00000000cc600000, 0x00000000cc600000| Untracked 
|  41|0x00000000cc700000, 0x00000000cc800000, 0x00000000cc800000|100%| O|  |TAMS 0x00000000cc700000, 0x00000000cc700000| Untracked 
|  42|0x00000000cc800000, 0x00000000cc900000, 0x00000000cc900000|100%| O|  |TAMS 0x00000000cc800000, 0x00000000cc800000| Untracked 
|  43|0x00000000cc900000, 0x00000000cca00000, 0x00000000cca00000|100%| O|  |TAMS 0x00000000cc900000, 0x00000000cc900000| Untracked 
|  44|0x00000000cca00000, 0x00000000ccb00000, 0x00000000ccb00000|100%| O|  |TAMS 0x00000000cca00000, 0x00000000cca00000| Untracked 
|  45|0x00000000ccb00000, 0x00000000ccc00000, 0x00000000ccc00000|100%| O|  |TAMS 0x00000000ccb00000, 0x00000000ccb00000| Untracked 
|  46|0x00000000ccc00000, 0x00000000ccd00000, 0x00000000ccd00000|100%| O|  |TAMS 0x00000000ccc00000, 0x00000000ccc00000| Untracked 
|  47|0x00000000ccd00000, 0x00000000ccd75400, 0x00000000cce00000| 45%| O|  |TAMS 0x00000000ccd00000, 0x00000000ccd00000| Untracked 
|  48|0x00000000cce00000, 0x00000000cce00000, 0x00000000ccf00000|  0%| F|  |TAMS 0x00000000cce00000, 0x00000000cce00000| Untracked 
|  49|0x00000000ccf00000, 0x00000000cd000000, 0x00000000cd000000|100%|HS|  |TAMS 0x00000000ccf00000, 0x00000000ccf00000| Complete 
|  50|0x00000000cd000000, 0x00000000cd000000, 0x00000000cd100000|  0%| F|  |TAMS 0x00000000cd000000, 0x00000000cd000000| Untracked 
|  51|0x00000000cd100000, 0x00000000cd100000, 0x00000000cd200000|  0%| F|  |TAMS 0x00000000cd100000, 0x00000000cd100000| Untracked 
|  52|0x00000000cd200000, 0x00000000cd200000, 0x00000000cd300000|  0%| F|  |TAMS 0x00000000cd200000, 0x00000000cd200000| Untracked 
|  53|0x00000000cd300000, 0x00000000cd300000, 0x00000000cd400000|  0%| F|  |TAMS 0x00000000cd300000, 0x00000000cd300000| Untracked 
|  54|0x00000000cd400000, 0x00000000cd400000, 0x00000000cd500000|  0%| F|  |TAMS 0x00000000cd400000, 0x00000000cd400000| Untracked 
|  55|0x00000000cd500000, 0x00000000cd500000, 0x00000000cd600000|  0%| F|  |TAMS 0x00000000cd500000, 0x00000000cd500000| Untracked 
|  56|0x00000000cd600000, 0x00000000cd600000, 0x00000000cd700000|  0%| F|  |TAMS 0x00000000cd600000, 0x00000000cd600000| Untracked 
|  57|0x00000000cd700000, 0x00000000cd700000, 0x00000000cd800000|  0%| F|  |TAMS 0x00000000cd700000, 0x00000000cd700000| Untracked 
|  58|0x00000000cd800000, 0x00000000cd800000, 0x00000000cd900000|  0%| F|  |TAMS 0x00000000cd800000, 0x00000000cd800000| Untracked 
|  59|0x00000000cd900000, 0x00000000cd900000, 0x00000000cda00000|  0%| F|  |TAMS 0x00000000cd900000, 0x00000000cd900000| Untracked 
|  60|0x00000000cda00000, 0x00000000cda00000, 0x00000000cdb00000|  0%| F|  |TAMS 0x00000000cda00000, 0x00000000cda00000| Untracked 
|  61|0x00000000cdb00000, 0x00000000cdb00000, 0x00000000cdc00000|  0%| F|  |TAMS 0x00000000cdb00000, 0x00000000cdb00000| Untracked 
|  62|0x00000000cdc00000, 0x00000000cdc00000, 0x00000000cdd00000|  0%| F|  |TAMS 0x00000000cdc00000, 0x00000000cdc00000| Untracked 
|  63|0x00000000cdd00000, 0x00000000cdd00000, 0x00000000cde00000|  0%| F|  |TAMS 0x00000000cdd00000, 0x00000000cdd00000| Untracked 
|  64|0x00000000cde00000, 0x00000000cde00000, 0x00000000cdf00000|  0%| F|  |TAMS 0x00000000cde00000, 0x00000000cde00000| Untracked 
|  65|0x00000000cdf00000, 0x00000000cdf00000, 0x00000000ce000000|  0%| F|  |TAMS 0x00000000cdf00000, 0x00000000cdf00000| Untracked 
|  66|0x00000000ce000000, 0x00000000ce000000, 0x00000000ce100000|  0%| F|  |TAMS 0x00000000ce000000, 0x00000000ce000000| Untracked 
|  67|0x00000000ce100000, 0x00000000ce100000, 0x00000000ce200000|  0%| F|  |TAMS 0x00000000ce100000, 0x00000000ce100000| Untracked 
|  68|0x00000000ce200000, 0x00000000ce200000, 0x00000000ce300000|  0%| F|  |TAMS 0x00000000ce200000, 0x00000000ce200000| Untracked 
|  69|0x00000000ce300000, 0x00000000ce300000, 0x00000000ce400000|  0%| F|  |TAMS 0x00000000ce300000, 0x00000000ce300000| Untracked 
|  70|0x00000000ce400000, 0x00000000ce400000, 0x00000000ce500000|  0%| F|  |TAMS 0x00000000ce400000, 0x00000000ce400000| Untracked 
|  71|0x00000000ce500000, 0x00000000ce500000, 0x00000000ce600000|  0%| F|  |TAMS 0x00000000ce500000, 0x00000000ce500000| Untracked 
|  72|0x00000000ce600000, 0x00000000ce600000, 0x00000000ce700000|  0%| F|  |TAMS 0x00000000ce600000, 0x00000000ce600000| Untracked 
|  73|0x00000000ce700000, 0x00000000ce700000, 0x00000000ce800000|  0%| F|  |TAMS 0x00000000ce700000, 0x00000000ce700000| Untracked 
|  74|0x00000000ce800000, 0x00000000ce800000, 0x00000000ce900000|  0%| F|  |TAMS 0x00000000ce800000, 0x00000000ce800000| Untracked 
|  75|0x00000000ce900000, 0x00000000ce900000, 0x00000000cea00000|  0%| F|  |TAMS 0x00000000ce900000, 0x00000000ce900000| Untracked 
|  76|0x00000000cea00000, 0x00000000cea00000, 0x00000000ceb00000|  0%| F|  |TAMS 0x00000000cea00000, 0x00000000cea00000| Untracked 
|  77|0x00000000ceb00000, 0x00000000ceb00000, 0x00000000cec00000|  0%| F|  |TAMS 0x00000000ceb00000, 0x00000000ceb00000| Untracked 
|  78|0x00000000cec00000, 0x00000000cec00000, 0x00000000ced00000|  0%| F|  |TAMS 0x00000000cec00000, 0x00000000cec00000| Untracked 
|  79|0x00000000ced00000, 0x00000000ced00000, 0x00000000cee00000|  0%| F|  |TAMS 0x00000000ced00000, 0x00000000ced00000| Untracked 
|  80|0x00000000cee00000, 0x00000000cee00000, 0x00000000cef00000|  0%| F|  |TAMS 0x00000000cee00000, 0x00000000cee00000| Untracked 
|  81|0x00000000cef00000, 0x00000000cef00000, 0x00000000cf000000|  0%| F|  |TAMS 0x00000000cef00000, 0x00000000cef00000| Untracked 
|  82|0x00000000cf000000, 0x00000000cf000000, 0x00000000cf100000|  0%| F|  |TAMS 0x00000000cf000000, 0x00000000cf000000| Untracked 
|  83|0x00000000cf100000, 0x00000000cf100000, 0x00000000cf200000|  0%| F|  |TAMS 0x00000000cf100000, 0x00000000cf100000| Untracked 
|  84|0x00000000cf200000, 0x00000000cf200000, 0x00000000cf300000|  0%| F|  |TAMS 0x00000000cf200000, 0x00000000cf200000| Untracked 
|  85|0x00000000cf300000, 0x00000000cf300000, 0x00000000cf400000|  0%| F|  |TAMS 0x00000000cf300000, 0x00000000cf300000| Untracked 
|  86|0x00000000cf400000, 0x00000000cf400000, 0x00000000cf500000|  0%| F|  |TAMS 0x00000000cf400000, 0x00000000cf400000| Untracked 
|  87|0x00000000cf500000, 0x00000000cf500000, 0x00000000cf600000|  0%| F|  |TAMS 0x00000000cf500000, 0x00000000cf500000| Untracked 
|  88|0x00000000cf600000, 0x00000000cf600000, 0x00000000cf700000|  0%| F|  |TAMS 0x00000000cf600000, 0x00000000cf600000| Untracked 
|  89|0x00000000cf700000, 0x00000000cf700000, 0x00000000cf800000|  0%| F|  |TAMS 0x00000000cf700000, 0x00000000cf700000| Untracked 
|  90|0x00000000cf800000, 0x00000000cf800000, 0x00000000cf900000|  0%| F|  |TAMS 0x00000000cf800000, 0x00000000cf800000| Untracked 
|  91|0x00000000cf900000, 0x00000000cf900000, 0x00000000cfa00000|  0%| F|  |TAMS 0x00000000cf900000, 0x00000000cf900000| Untracked 
|  92|0x00000000cfa00000, 0x00000000cfa00000, 0x00000000cfb00000|  0%| F|  |TAMS 0x00000000cfa00000, 0x00000000cfa00000| Untracked 
|  93|0x00000000cfb00000, 0x00000000cfb00000, 0x00000000cfc00000|  0%| F|  |TAMS 0x00000000cfb00000, 0x00000000cfb00000| Untracked 
|  94|0x00000000cfc00000, 0x00000000cfc00000, 0x00000000cfd00000|  0%| F|  |TAMS 0x00000000cfc00000, 0x00000000cfc00000| Untracked 
|  95|0x00000000cfd00000, 0x00000000cfd00000, 0x00000000cfe00000|  0%| F|  |TAMS 0x00000000cfd00000, 0x00000000cfd00000| Untracked 
|  96|0x00000000cfe00000, 0x00000000cfe00000, 0x00000000cff00000|  0%| F|  |TAMS 0x00000000cfe00000, 0x00000000cfe00000| Untracked 
|  97|0x00000000cff00000, 0x00000000cff00000, 0x00000000d0000000|  0%| F|  |TAMS 0x00000000cff00000, 0x00000000cff00000| Untracked 
|  98|0x00000000d0000000, 0x00000000d0000000, 0x00000000d0100000|  0%| F|  |TAMS 0x00000000d0000000, 0x00000000d0000000| Untracked 
|  99|0x00000000d0100000, 0x00000000d0100000, 0x00000000d0200000|  0%| F|  |TAMS 0x00000000d0100000, 0x00000000d0100000| Untracked 
| 100|0x00000000d0200000, 0x00000000d0200000, 0x00000000d0300000|  0%| F|  |TAMS 0x00000000d0200000, 0x00000000d0200000| Untracked 
| 101|0x00000000d0300000, 0x00000000d0300000, 0x00000000d0400000|  0%| F|  |TAMS 0x00000000d0300000, 0x00000000d0300000| Untracked 
| 102|0x00000000d0400000, 0x00000000d0400000, 0x00000000d0500000|  0%| F|  |TAMS 0x00000000d0400000, 0x00000000d0400000| Untracked 
| 103|0x00000000d0500000, 0x00000000d0500000, 0x00000000d0600000|  0%| F|  |TAMS 0x00000000d0500000, 0x00000000d0500000| Untracked 
| 104|0x00000000d0600000, 0x00000000d0600000, 0x00000000d0700000|  0%| F|  |TAMS 0x00000000d0600000, 0x00000000d0600000| Untracked 
| 105|0x00000000d0700000, 0x00000000d0700000, 0x00000000d0800000|  0%| F|  |TAMS 0x00000000d0700000, 0x00000000d0700000| Untracked 
| 106|0x00000000d0800000, 0x00000000d0800000, 0x00000000d0900000|  0%| F|  |TAMS 0x00000000d0800000, 0x00000000d0800000| Untracked 
| 107|0x00000000d0900000, 0x00000000d0900000, 0x00000000d0a00000|  0%| F|  |TAMS 0x00000000d0900000, 0x00000000d0900000| Untracked 
| 108|0x00000000d0a00000, 0x00000000d0a00000, 0x00000000d0b00000|  0%| F|  |TAMS 0x00000000d0a00000, 0x00000000d0a00000| Untracked 
| 109|0x00000000d0b00000, 0x00000000d0b00000, 0x00000000d0c00000|  0%| F|  |TAMS 0x00000000d0b00000, 0x00000000d0b00000| Untracked 
| 110|0x00000000d0c00000, 0x00000000d0ce21a0, 0x00000000d0d00000| 88%| S|CS|TAMS 0x00000000d0c00000, 0x00000000d0c00000| Complete 
| 111|0x00000000d0d00000, 0x00000000d0e00000, 0x00000000d0e00000|100%| S|CS|TAMS 0x00000000d0d00000, 0x00000000d0d00000| Complete 
| 112|0x00000000d0e00000, 0x00000000d0f00000, 0x00000000d0f00000|100%| S|CS|TAMS 0x00000000d0e00000, 0x00000000d0e00000| Complete 
| 113|0x00000000d0f00000, 0x00000000d1000000, 0x00000000d1000000|100%| S|CS|TAMS 0x00000000d0f00000, 0x00000000d0f00000| Complete 
| 114|0x00000000d1000000, 0x00000000d1100000, 0x00000000d1100000|100%| S|CS|TAMS 0x00000000d1000000, 0x00000000d1000000| Complete 
| 115|0x00000000d1100000, 0x00000000d1200000, 0x00000000d1200000|100%| S|CS|TAMS 0x00000000d1100000, 0x00000000d1100000| Complete 
| 116|0x00000000d1200000, 0x00000000d1300000, 0x00000000d1300000|100%| S|CS|TAMS 0x00000000d1200000, 0x00000000d1200000| Complete 
| 117|0x00000000d1300000, 0x00000000d1400000, 0x00000000d1400000|100%| S|CS|TAMS 0x00000000d1300000, 0x00000000d1300000| Complete 
| 118|0x00000000d1400000, 0x00000000d1500000, 0x00000000d1500000|100%| S|CS|TAMS 0x00000000d1400000, 0x00000000d1400000| Complete 
| 119|0x00000000d1500000, 0x00000000d1600000, 0x00000000d1600000|100%| S|CS|TAMS 0x00000000d1500000, 0x00000000d1500000| Complete 
| 120|0x00000000d1600000, 0x00000000d1600000, 0x00000000d1700000|  0%| F|  |TAMS 0x00000000d1600000, 0x00000000d1600000| Untracked 
| 121|0x00000000d1700000, 0x00000000d1700000, 0x00000000d1800000|  0%| F|  |TAMS 0x00000000d1700000, 0x00000000d1700000| Untracked 
| 122|0x00000000d1800000, 0x00000000d1800000, 0x00000000d1900000|  0%| F|  |TAMS 0x00000000d1800000, 0x00000000d1800000| Untracked 
| 123|0x00000000d1900000, 0x00000000d1900000, 0x00000000d1a00000|  0%| F|  |TAMS 0x00000000d1900000, 0x00000000d1900000| Untracked 
| 124|0x00000000d1a00000, 0x00000000d1a00000, 0x00000000d1b00000|  0%| F|  |TAMS 0x00000000d1a00000, 0x00000000d1a00000| Untracked 
| 125|0x00000000d1b00000, 0x00000000d1b00000, 0x00000000d1c00000|  0%| F|  |TAMS 0x00000000d1b00000, 0x00000000d1b00000| Untracked 
| 126|0x00000000d1c00000, 0x00000000d1c00000, 0x00000000d1d00000|  0%| F|  |TAMS 0x00000000d1c00000, 0x00000000d1c00000| Untracked 
| 127|0x00000000d1d00000, 0x00000000d1d00000, 0x00000000d1e00000|  0%| F|  |TAMS 0x00000000d1d00000, 0x00000000d1d00000| Untracked 
| 128|0x00000000d1e00000, 0x00000000d1e00000, 0x00000000d1f00000|  0%| F|  |TAMS 0x00000000d1e00000, 0x00000000d1e00000| Untracked 
| 129|0x00000000d1f00000, 0x00000000d1f00000, 0x00000000d2000000|  0%| F|  |TAMS 0x00000000d1f00000, 0x00000000d1f00000| Untracked 
| 130|0x00000000d2000000, 0x00000000d2000000, 0x00000000d2100000|  0%| F|  |TAMS 0x00000000d2000000, 0x00000000d2000000| Untracked 
| 131|0x00000000d2100000, 0x00000000d2100000, 0x00000000d2200000|  0%| F|  |TAMS 0x00000000d2100000, 0x00000000d2100000| Untracked 
| 132|0x00000000d2200000, 0x00000000d2200000, 0x00000000d2300000|  0%| F|  |TAMS 0x00000000d2200000, 0x00000000d2200000| Untracked 
| 133|0x00000000d2300000, 0x00000000d2300000, 0x00000000d2400000|  0%| F|  |TAMS 0x00000000d2300000, 0x00000000d2300000| Untracked 
| 134|0x00000000d2400000, 0x00000000d2400000, 0x00000000d2500000|  0%| F|  |TAMS 0x00000000d2400000, 0x00000000d2400000| Untracked 
| 135|0x00000000d2500000, 0x00000000d2500000, 0x00000000d2600000|  0%| F|  |TAMS 0x00000000d2500000, 0x00000000d2500000| Untracked 
| 136|0x00000000d2600000, 0x00000000d2600000, 0x00000000d2700000|  0%| F|  |TAMS 0x00000000d2600000, 0x00000000d2600000| Untracked 
| 137|0x00000000d2700000, 0x00000000d2700000, 0x00000000d2800000|  0%| F|  |TAMS 0x00000000d2700000, 0x00000000d2700000| Untracked 
| 138|0x00000000d2800000, 0x00000000d2800000, 0x00000000d2900000|  0%| F|  |TAMS 0x00000000d2800000, 0x00000000d2800000| Untracked 
| 139|0x00000000d2900000, 0x00000000d2900000, 0x00000000d2a00000|  0%| F|  |TAMS 0x00000000d2900000, 0x00000000d2900000| Untracked 
| 140|0x00000000d2a00000, 0x00000000d2a00000, 0x00000000d2b00000|  0%| F|  |TAMS 0x00000000d2a00000, 0x00000000d2a00000| Untracked 
| 141|0x00000000d2b00000, 0x00000000d2b00000, 0x00000000d2c00000|  0%| F|  |TAMS 0x00000000d2b00000, 0x00000000d2b00000| Untracked 
| 142|0x00000000d2c00000, 0x00000000d2c00000, 0x00000000d2d00000|  0%| F|  |TAMS 0x00000000d2c00000, 0x00000000d2c00000| Untracked 
| 143|0x00000000d2d00000, 0x00000000d2d00000, 0x00000000d2e00000|  0%| F|  |TAMS 0x00000000d2d00000, 0x00000000d2d00000| Untracked 
| 144|0x00000000d2e00000, 0x00000000d2e00000, 0x00000000d2f00000|  0%| F|  |TAMS 0x00000000d2e00000, 0x00000000d2e00000| Untracked 
| 145|0x00000000d2f00000, 0x00000000d2f00000, 0x00000000d3000000|  0%| F|  |TAMS 0x00000000d2f00000, 0x00000000d2f00000| Untracked 
| 146|0x00000000d3000000, 0x00000000d3000000, 0x00000000d3100000|  0%| F|  |TAMS 0x00000000d3000000, 0x00000000d3000000| Untracked 
| 147|0x00000000d3100000, 0x00000000d3100000, 0x00000000d3200000|  0%| F|  |TAMS 0x00000000d3100000, 0x00000000d3100000| Untracked 
| 148|0x00000000d3200000, 0x00000000d3200000, 0x00000000d3300000|  0%| F|  |TAMS 0x00000000d3200000, 0x00000000d3200000| Untracked 
| 149|0x00000000d3300000, 0x00000000d3300000, 0x00000000d3400000|  0%| F|  |TAMS 0x00000000d3300000, 0x00000000d3300000| Untracked 
| 150|0x00000000d3400000, 0x00000000d3400000, 0x00000000d3500000|  0%| F|  |TAMS 0x00000000d3400000, 0x00000000d3400000| Untracked 
| 151|0x00000000d3500000, 0x00000000d3500000, 0x00000000d3600000|  0%| F|  |TAMS 0x00000000d3500000, 0x00000000d3500000| Untracked 
| 152|0x00000000d3600000, 0x00000000d3600000, 0x00000000d3700000|  0%| F|  |TAMS 0x00000000d3600000, 0x00000000d3600000| Untracked 
| 153|0x00000000d3700000, 0x00000000d3700000, 0x00000000d3800000|  0%| F|  |TAMS 0x00000000d3700000, 0x00000000d3700000| Untracked 
| 154|0x00000000d3800000, 0x00000000d3800000, 0x00000000d3900000|  0%| F|  |TAMS 0x00000000d3800000, 0x00000000d3800000| Untracked 
| 155|0x00000000d3900000, 0x00000000d3900000, 0x00000000d3a00000|  0%| F|  |TAMS 0x00000000d3900000, 0x00000000d3900000| Untracked 
| 156|0x00000000d3a00000, 0x00000000d3a00000, 0x00000000d3b00000|  0%| F|  |TAMS 0x00000000d3a00000, 0x00000000d3a00000| Untracked 
| 157|0x00000000d3b00000, 0x00000000d3b00000, 0x00000000d3c00000|  0%| F|  |TAMS 0x00000000d3b00000, 0x00000000d3b00000| Untracked 
| 158|0x00000000d3c00000, 0x00000000d3c00000, 0x00000000d3d00000|  0%| F|  |TAMS 0x00000000d3c00000, 0x00000000d3c00000| Untracked 
| 159|0x00000000d3d00000, 0x00000000d3d00000, 0x00000000d3e00000|  0%| F|  |TAMS 0x00000000d3d00000, 0x00000000d3d00000| Untracked 
| 160|0x00000000d3e00000, 0x00000000d3e00000, 0x00000000d3f00000|  0%| F|  |TAMS 0x00000000d3e00000, 0x00000000d3e00000| Untracked 
| 161|0x00000000d3f00000, 0x00000000d3f00000, 0x00000000d4000000|  0%| F|  |TAMS 0x00000000d3f00000, 0x00000000d3f00000| Untracked 
| 162|0x00000000d4000000, 0x00000000d4000000, 0x00000000d4100000|  0%| F|  |TAMS 0x00000000d4000000, 0x00000000d4000000| Untracked 
| 163|0x00000000d4100000, 0x00000000d4100000, 0x00000000d4200000|  0%| F|  |TAMS 0x00000000d4100000, 0x00000000d4100000| Untracked 
| 164|0x00000000d4200000, 0x00000000d42d51b0, 0x00000000d4300000| 83%| E|  |TAMS 0x00000000d4200000, 0x00000000d4200000| Complete 
| 165|0x00000000d4300000, 0x00000000d4400000, 0x00000000d4400000|100%| E|CS|TAMS 0x00000000d4300000, 0x00000000d4300000| Complete 
| 166|0x00000000d4400000, 0x00000000d4500000, 0x00000000d4500000|100%| E|CS|TAMS 0x00000000d4400000, 0x00000000d4400000| Complete 
| 167|0x00000000d4500000, 0x00000000d4600000, 0x00000000d4600000|100%| E|CS|TAMS 0x00000000d4500000, 0x00000000d4500000| Complete 
| 168|0x00000000d4600000, 0x00000000d4700000, 0x00000000d4700000|100%| E|CS|TAMS 0x00000000d4600000, 0x00000000d4600000| Complete 
| 169|0x00000000d4700000, 0x00000000d4800000, 0x00000000d4800000|100%| E|CS|TAMS 0x00000000d4700000, 0x00000000d4700000| Complete 
| 170|0x00000000d4800000, 0x00000000d4900000, 0x00000000d4900000|100%| E|CS|TAMS 0x00000000d4800000, 0x00000000d4800000| Complete 
| 171|0x00000000d4900000, 0x00000000d4a00000, 0x00000000d4a00000|100%| E|CS|TAMS 0x00000000d4900000, 0x00000000d4900000| Complete 
| 172|0x00000000d4a00000, 0x00000000d4b00000, 0x00000000d4b00000|100%| E|CS|TAMS 0x00000000d4a00000, 0x00000000d4a00000| Complete 
| 173|0x00000000d4b00000, 0x00000000d4c00000, 0x00000000d4c00000|100%| E|CS|TAMS 0x00000000d4b00000, 0x00000000d4b00000| Complete 
| 174|0x00000000d4c00000, 0x00000000d4d00000, 0x00000000d4d00000|100%| E|CS|TAMS 0x00000000d4c00000, 0x00000000d4c00000| Complete 
| 175|0x00000000d4d00000, 0x00000000d4e00000, 0x00000000d4e00000|100%| E|CS|TAMS 0x00000000d4d00000, 0x00000000d4d00000| Complete 
| 176|0x00000000d4e00000, 0x00000000d4f00000, 0x00000000d4f00000|100%| E|CS|TAMS 0x00000000d4e00000, 0x00000000d4e00000| Complete 
| 177|0x00000000d4f00000, 0x00000000d5000000, 0x00000000d5000000|100%| E|CS|TAMS 0x00000000d4f00000, 0x00000000d4f00000| Complete 
| 178|0x00000000d5000000, 0x00000000d5100000, 0x00000000d5100000|100%| E|CS|TAMS 0x00000000d5000000, 0x00000000d5000000| Complete 
| 179|0x00000000d5100000, 0x00000000d5200000, 0x00000000d5200000|100%| E|CS|TAMS 0x00000000d5100000, 0x00000000d5100000| Complete 
| 180|0x00000000d5200000, 0x00000000d5300000, 0x00000000d5300000|100%| E|CS|TAMS 0x00000000d5200000, 0x00000000d5200000| Complete 
| 181|0x00000000d5300000, 0x00000000d5400000, 0x00000000d5400000|100%| E|CS|TAMS 0x00000000d5300000, 0x00000000d5300000| Complete 
| 182|0x00000000d5400000, 0x00000000d5500000, 0x00000000d5500000|100%| E|CS|TAMS 0x00000000d5400000, 0x00000000d5400000| Complete 
| 183|0x00000000d5500000, 0x00000000d5600000, 0x00000000d5600000|100%| E|CS|TAMS 0x00000000d5500000, 0x00000000d5500000| Complete 
| 184|0x00000000d5600000, 0x00000000d5700000, 0x00000000d5700000|100%| E|CS|TAMS 0x00000000d5600000, 0x00000000d5600000| Complete 
| 185|0x00000000d5700000, 0x00000000d5800000, 0x00000000d5800000|100%| E|CS|TAMS 0x00000000d5700000, 0x00000000d5700000| Complete 
| 186|0x00000000d5800000, 0x00000000d5900000, 0x00000000d5900000|100%| E|CS|TAMS 0x00000000d5800000, 0x00000000d5800000| Complete 
| 187|0x00000000d5900000, 0x00000000d5a00000, 0x00000000d5a00000|100%| E|CS|TAMS 0x00000000d5900000, 0x00000000d5900000| Complete 
| 188|0x00000000d5a00000, 0x00000000d5b00000, 0x00000000d5b00000|100%| E|CS|TAMS 0x00000000d5a00000, 0x00000000d5a00000| Complete 
| 189|0x00000000d5b00000, 0x00000000d5c00000, 0x00000000d5c00000|100%| E|CS|TAMS 0x00000000d5b00000, 0x00000000d5b00000| Complete 
| 190|0x00000000d5c00000, 0x00000000d5d00000, 0x00000000d5d00000|100%| E|  |TAMS 0x00000000d5c00000, 0x00000000d5c00000| Complete 
| 191|0x00000000d5d00000, 0x00000000d5e00000, 0x00000000d5e00000|100%| E|CS|TAMS 0x00000000d5d00000, 0x00000000d5d00000| Complete 

Card table byte_map: [0x0000018e7b960000,0x0000018e7bb20000] _byte_map_base: 0x0000018e7b311000

Marking Bits (Prev, Next): (CMBitMap*) 0x0000018e64c04e70, (CMBitMap*) 0x0000018e64c04e30
 Prev Bits: [0x0000018e7ca70000, 0x0000018e7d7f8000)
 Next Bits: [0x0000018e7bce0000, 0x0000018e7ca68000)

Polling page: 0x0000018e62b30000

Metaspace:

Usage:
  Non-class:     54.61 MB used.
      Class:      8.53 MB used.
       Both:     63.14 MB used.

Virtual space:
  Non-class space:       64.00 MB reserved,      54.94 MB ( 86%) committed,  1 nodes.
      Class space:        1.00 GB reserved,       8.81 MB ( <1%) committed,  1 nodes.
             Both:        1.06 GB reserved,      63.75 MB (  6%) committed. 

Chunk freelists:
   Non-Class:  9.05 MB
       Class:  7.10 MB
        Both:  16.15 MB

MaxMetaspaceSize: unlimited
CompressedClassSpaceSize: 1.00 GB
Initial GC threshold: 21.00 MB
Current GC threshold: 103.44 MB
CDS: on
MetaspaceReclaimPolicy: balanced
 - commit_granule_bytes: 65536.
 - commit_granule_words: 8192.
 - virtual_space_node_default_size: 8388608.
 - enlarge_chunks_in_place: 1.
 - new_chunks_are_fully_committed: 0.
 - uncommit_free_chunks: 1.
 - use_allocation_guard: 0.
 - handle_deallocations: 1.


Internal statistics:

num_allocs_failed_limit: 6.
num_arena_births: 824.
num_arena_deaths: 0.
num_vsnodes_births: 2.
num_vsnodes_deaths: 0.
num_space_committed: 1020.
num_space_uncommitted: 0.
num_chunks_returned_to_freelist: 6.
num_chunks_taken_from_freelist: 3193.
num_chunk_merges: 6.
num_chunk_splits: 2307.
num_chunks_enlarged: 1783.
num_inconsistent_stats: 0.

CodeHeap 'non-profiled nmethods': size=120000Kb used=3334Kb max_used=3334Kb free=116665Kb
 bounds [0x0000018e73f40000, 0x0000018e74290000, 0x0000018e7b470000]
CodeHeap 'profiled nmethods': size=120000Kb used=12630Kb max_used=12630Kb free=107369Kb
 bounds [0x0000018e6c470000, 0x0000018e6d0d0000, 0x0000018e739a0000]
CodeHeap 'non-nmethods': size=5760Kb used=1330Kb max_used=1384Kb free=4429Kb
 bounds [0x0000018e739a0000, 0x0000018e73c10000, 0x0000018e73f40000]
 total_blobs=7003 nmethods=6339 adapters=576
 compilation: enabled
              stopped_count=0, restarted_count=0
 full_count=0

Compilation events (20 events):
Event: 28.096 Thread 0x0000018e00262390 nmethod 6120 0x0000018e73fd8990 code [0x0000018e73fd8b20, 0x0000018e73fd8d18]
Event: 28.096 Thread 0x0000018e00262390 6680       4       java.lang.StringBuilder::length (5 bytes)
Event: 28.097 Thread 0x0000018e00262390 nmethod 6680 0x0000018e73fd8690 code [0x0000018e73fd8800, 0x0000018e73fd8878]
Event: 28.097 Thread 0x0000018e00262390 6093       4       java.util.stream.Sink$ChainedReference::cancellationRequested (10 bytes)
Event: 28.097 Thread 0x0000018e00262390 nmethod 6093 0x0000018e73fd8390 code [0x0000018e73fd8500, 0x0000018e73fd8598]
Event: 28.097 Thread 0x0000018e00262390 6961       4       java.util.regex.Pattern$BmpCharPredicate$$Lambda$22/0x80000002b::is (15 bytes)
Event: 28.101 Thread 0x0000018e00262390 nmethod 6961 0x0000018e74094090 code [0x0000018e74094260, 0x0000018e74094688]
Event: 28.101 Thread 0x0000018e00262390 7195       4       org.springframework.boot.autoconfigure.condition.ConditionEvaluationReport$$Lambda$1357/0x0000018e028e48c8::accept (20 bytes)
Event: 28.135 Thread 0x0000018e00262390 nmethod 7195 0x0000018e74092e10 code [0x0000018e74093020, 0x0000018e74093808]
Event: 28.135 Thread 0x0000018e00262390 7200       4       org.springframework.boot.autoconfigure.condition.ConditionEvaluationReport::lambda$addNoMatchOutcomeToAncestors$1 (41 bytes)
Event: 28.157 Thread 0x0000018e00262390 nmethod 7200 0x0000018e74091d10 code [0x0000018e74091f00, 0x0000018e74092668]
Event: 28.157 Thread 0x0000018e00262390 6225       4       org.springframework.core.annotation.AnnotationTypeMappings::get (14 bytes)
Event: 28.159 Thread 0x0000018e00262390 nmethod 6225 0x0000018e73fd7f10 code [0x0000018e73fd80a0, 0x0000018e73fd81d8]
Event: 28.159 Thread 0x0000018e00262390 5979       4       org.springframework.core.annotation.RepeatableContainers::none (4 bytes)
Event: 28.160 Thread 0x0000018e00262390 nmethod 5979 0x0000018e73fd7b10 code [0x0000018e73fd7c80, 0x0000018e73fd7cd8]
Event: 28.160 Thread 0x0000018e00262390 6102       4       java.util.stream.ReferencePipeline$7$1::cancellationRequested (15 bytes)
Event: 28.161 Thread 0x0000018e00262390 nmethod 6102 0x0000018e74091a10 code [0x0000018e74091b80, 0x0000018e74091c18]
Event: 28.161 Thread 0x0000018e00262390 7179       4       java.lang.invoke.DirectMethodHandle::internalMemberName (8 bytes)
Event: 28.163 Thread 0x0000018e00262390 nmethod 7179 0x0000018e74091710 code [0x0000018e74091880, 0x0000018e74091918]
Event: 28.163 Thread 0x0000018e00262390 6382       4       org.springframework.core.BridgeMethodResolver::findBridgedMethod (117 bytes)

GC Heap History (20 events):
Event: 23.123 GC heap before
{Heap before GC invocations=20 (full 0):
 garbage-first heap   total 55296K, used 45488K [0x00000000c9e00000, 0x0000000100000000)
  region size 1024K, 19 young (19456K), 2 survivors (2048K)
 Metaspace       used 59239K, committed 59840K, reserved 1114112K
  class space    used 8048K, committed 8320K, reserved 1048576K
}
Event: 23.128 GC heap after
{Heap after GC invocations=21 (full 0):
 garbage-first heap   total 55296K, used 28474K [0x00000000c9e00000, 0x0000000100000000)
  region size 1024K, 3 young (3072K), 3 survivors (3072K)
 Metaspace       used 59239K, committed 59840K, reserved 1114112K
  class space    used 8048K, committed 8320K, reserved 1048576K
}
Event: 23.678 GC heap before
{Heap before GC invocations=21 (full 0):
 garbage-first heap   total 55296K, used 44858K [0x00000000c9e00000, 0x0000000100000000)
  region size 1024K, 19 young (19456K), 3 survivors (3072K)
 Metaspace       used 60399K, committed 60928K, reserved 1114112K
  class space    used 8256K, committed 8512K, reserved 1048576K
}
Event: 23.683 GC heap after
{Heap after GC invocations=22 (full 0):
 garbage-first heap   total 55296K, used 29767K [0x00000000c9e00000, 0x0000000100000000)
  region size 1024K, 3 young (3072K), 3 survivors (3072K)
 Metaspace       used 60399K, committed 60928K, reserved 1114112K
  class space    used 8256K, committed 8512K, reserved 1048576K
}
Event: 24.312 GC heap before
{Heap before GC invocations=23 (full 0):
 garbage-first heap   total 55296K, used 45127K [0x00000000c9e00000, 0x0000000100000000)
  region size 1024K, 18 young (18432K), 3 survivors (3072K)
 Metaspace       used 62576K, committed 63168K, reserved 1114112K
  class space    used 8529K, committed 8832K, reserved 1048576K
}
Event: 24.318 GC heap after
{Heap after GC invocations=24 (full 0):
 garbage-first heap   total 55296K, used 31378K [0x00000000c9e00000, 0x0000000100000000)
  region size 1024K, 3 young (3072K), 3 survivors (3072K)
 Metaspace       used 62576K, committed 63168K, reserved 1114112K
  class space    used 8529K, committed 8832K, reserved 1048576K
}
Event: 24.372 GC heap before
{Heap before GC invocations=24 (full 0):
 garbage-first heap   total 55296K, used 32402K [0x00000000c9e00000, 0x0000000100000000)
  region size 1024K, 5 young (5120K), 3 survivors (3072K)
 Metaspace       used 62744K, committed 63360K, reserved 1114112K
  class space    used 8542K, committed 8832K, reserved 1048576K
}
Event: 24.379 GC heap after
{Heap after GC invocations=25 (full 0):
 garbage-first heap   total 55296K, used 31797K [0x00000000c9e00000, 0x0000000100000000)
  region size 1024K, 1 young (1024K), 1 survivors (1024K)
 Metaspace       used 62744K, committed 63360K, reserved 1114112K
  class space    used 8542K, committed 8832K, reserved 1048576K
}
Event: 24.474 GC heap before
{Heap before GC invocations=26 (full 0):
 garbage-first heap   total 73728K, used 45109K [0x00000000c9e00000, 0x0000000100000000)
  region size 1024K, 14 young (14336K), 1 survivors (1024K)
 Metaspace       used 62815K, committed 63424K, reserved 1114112K
  class space    used 8546K, committed 8832K, reserved 1048576K
}
Event: 24.480 GC heap after
{Heap after GC invocations=27 (full 0):
 garbage-first heap   total 73728K, used 35577K [0x00000000c9e00000, 0x0000000100000000)
  region size 1024K, 2 young (2048K), 2 survivors (2048K)
 Metaspace       used 62815K, committed 63424K, reserved 1114112K
  class space    used 8546K, committed 8832K, reserved 1048576K
}
Event: 24.634 GC heap before
{Heap before GC invocations=27 (full 0):
 garbage-first heap   total 73728K, used 56057K [0x00000000c9e00000, 0x0000000100000000)
  region size 1024K, 23 young (23552K), 2 survivors (2048K)
 Metaspace       used 62861K, committed 63424K, reserved 1114112K
  class space    used 8549K, committed 8832K, reserved 1048576K
}
Event: 24.642 GC heap after
{Heap after GC invocations=28 (full 0):
 garbage-first heap   total 73728K, used 39787K [0x00000000c9e00000, 0x0000000100000000)
  region size 1024K, 3 young (3072K), 3 survivors (3072K)
 Metaspace       used 62861K, committed 63424K, reserved 1114112K
  class space    used 8549K, committed 8832K, reserved 1048576K
}
Event: 24.794 GC heap before
{Heap before GC invocations=29 (full 0):
 garbage-first heap   total 76800K, used 46955K [0x00000000c9e00000, 0x0000000100000000)
  region size 1024K, 11 young (11264K), 3 survivors (3072K)
 Metaspace       used 63007K, committed 63616K, reserved 1114112K
  class space    used 8560K, committed 8896K, reserved 1048576K
}
Event: 24.800 GC heap after
{Heap after GC invocations=30 (full 0):
 garbage-first heap   total 76800K, used 42814K [0x00000000c9e00000, 0x0000000100000000)
  region size 1024K, 3 young (3072K), 3 survivors (3072K)
 Metaspace       used 63007K, committed 63616K, reserved 1114112K
  class space    used 8560K, committed 8896K, reserved 1048576K
}
Event: 24.903 GC heap before
{Heap before GC invocations=30 (full 0):
 garbage-first heap   total 92160K, used 57150K [0x00000000c9e00000, 0x0000000100000000)
  region size 1024K, 17 young (17408K), 3 survivors (3072K)
 Metaspace       used 63044K, committed 63680K, reserved 1114112K
  class space    used 8560K, committed 8896K, reserved 1048576K
}
Event: 24.909 GC heap after
{Heap after GC invocations=31 (full 0):
 garbage-first heap   total 92160K, used 45825K [0x00000000c9e00000, 0x0000000100000000)
  region size 1024K, 3 young (3072K), 3 survivors (3072K)
 Metaspace       used 63044K, committed 63680K, reserved 1114112K
  class space    used 8560K, committed 8896K, reserved 1048576K
}
Event: 24.981 GC heap before
{Heap before GC invocations=32 (full 0):
 garbage-first heap   total 92160K, used 66305K [0x00000000c9e00000, 0x0000000100000000)
  region size 1024K, 24 young (24576K), 3 survivors (3072K)
 Metaspace       used 63048K, committed 63680K, reserved 1114112K
  class space    used 8560K, committed 8896K, reserved 1048576K
}
Event: 24.993 GC heap after
{Heap after GC invocations=33 (full 0):
 garbage-first heap   total 196608K, used 51669K [0x00000000c9e00000, 0x0000000100000000)
  region size 1024K, 3 young (3072K), 3 survivors (3072K)
 Metaspace       used 63048K, committed 63680K, reserved 1114112K
  class space    used 8560K, committed 8896K, reserved 1048576K
}
Event: 25.459 GC heap before
{Heap before GC invocations=33 (full 0):
 garbage-first heap   total 196608K, used 126421K [0x00000000c9e00000, 0x0000000100000000)
  region size 1024K, 75 young (76800K), 3 survivors (3072K)
 Metaspace       used 63200K, committed 63808K, reserved 1114112K
  class space    used 8566K, committed 8896K, reserved 1048576K
}
Event: 25.475 GC heap after
{Heap after GC invocations=34 (full 0):
 garbage-first heap   total 196608K, used 59741K [0x00000000c9e00000, 0x0000000100000000)
  region size 1024K, 10 young (10240K), 10 survivors (10240K)
 Metaspace       used 63200K, committed 63808K, reserved 1114112K
  class space    used 8566K, committed 8896K, reserved 1048576K
}

Deoptimization events (20 events):
Event: 25.902 Thread 0x0000018e00459b00 DEOPT PACKING pc=0x0000018e74095d18 sp=0x0000003b5c1fda90
Event: 25.902 Thread 0x0000018e00459b00 DEOPT UNPACKING pc=0x0000018e739f23a3 sp=0x0000003b5c1fda20 mode 2
Event: 26.183 Thread 0x0000018e00459b00 DEOPT PACKING pc=0x0000018e6c6c35a3 sp=0x0000003b5c1fc550
Event: 26.183 Thread 0x0000018e00459b00 DEOPT UNPACKING pc=0x0000018e739f2b43 sp=0x0000003b5c1fb9c0 mode 0
Event: 26.546 Thread 0x0000018e00459b00 Uncommon trap: trap_request=0xffffff45 fr.pc=0x0000018e73fb20e0 relative=0x0000000000000060
Event: 26.546 Thread 0x0000018e00459b00 Uncommon trap: reason=unstable_if action=reinterpret pc=0x0000018e73fb20e0 method=org.springframework.util.ConcurrentReferenceHashMap$Segment.clear()V @ 7 c2
Event: 26.546 Thread 0x0000018e00459b00 DEOPT PACKING pc=0x0000018e73fb20e0 sp=0x0000003b5c1fe220
Event: 26.546 Thread 0x0000018e00459b00 DEOPT UNPACKING pc=0x0000018e739f23a3 sp=0x0000003b5c1fe1b0 mode 2
Event: 26.552 Thread 0x0000018e00459b00 Uncommon trap: trap_request=0xffffff54 fr.pc=0x0000018e73fce870 relative=0x0000000000000230
Event: 26.552 Thread 0x0000018e00459b00 Uncommon trap: reason=speculate_null_assert action=make_not_entrant pc=0x0000018e73fce870 method=org.springframework.util.ConcurrentReferenceHashMap$Segment.restructureIfNecessary(Z)V @ 41 c2
Event: 26.552 Thread 0x0000018e00459b00 DEOPT PACKING pc=0x0000018e73fce870 sp=0x0000003b5c1fe270
Event: 26.552 Thread 0x0000018e00459b00 DEOPT UNPACKING pc=0x0000018e739f23a3 sp=0x0000003b5c1fe248 mode 2
Event: 26.619 Thread 0x0000018e00459b00 Uncommon trap: trap_request=0xffffffde fr.pc=0x0000018e73ff14b4 relative=0x0000000000000714
Event: 26.619 Thread 0x0000018e00459b00 Uncommon trap: reason=class_check action=maybe_recompile pc=0x0000018e73ff14b4 method=org.springframework.core.ResolvableType.resolveType()Lorg/springframework/core/ResolvableType; @ 44 c2
Event: 26.619 Thread 0x0000018e00459b00 DEOPT PACKING pc=0x0000018e73ff14b4 sp=0x0000003b5c1fdd40
Event: 26.619 Thread 0x0000018e00459b00 DEOPT UNPACKING pc=0x0000018e739f23a3 sp=0x0000003b5c1fdc88 mode 2
Event: 26.620 Thread 0x0000018e00459b00 Uncommon trap: trap_request=0xffffffde fr.pc=0x0000018e73ff14b4 relative=0x0000000000000714
Event: 26.620 Thread 0x0000018e00459b00 Uncommon trap: reason=class_check action=maybe_recompile pc=0x0000018e73ff14b4 method=org.springframework.core.ResolvableType.resolveType()Lorg/springframework/core/ResolvableType; @ 44 c2
Event: 26.620 Thread 0x0000018e00459b00 DEOPT PACKING pc=0x0000018e73ff14b4 sp=0x0000003b5c1fddc0
Event: 26.620 Thread 0x0000018e00459b00 DEOPT UNPACKING pc=0x0000018e739f23a3 sp=0x0000003b5c1fdd08 mode 2

Classes unloaded (0 events):
No events

Classes redefined (0 events):
No events

Internal exceptions (20 events):
Event: 25.335 Thread 0x0000018e4848ce90 Exception <a 'sun/nio/fs/WindowsException'{0x00000000d2e20f40}> (0x00000000d2e20f40) 
thrown [s\open\src\hotspot\share\prims\jni.cpp, line 516]
Event: 25.335 Thread 0x0000018e4848ce90 Exception <a 'sun/nio/fs/WindowsException'{0x00000000d2e217a8}> (0x00000000d2e217a8) 
thrown [s\open\src\hotspot\share\prims\jni.cpp, line 516]
Event: 25.335 Thread 0x0000018e4848ce90 Exception <a 'sun/nio/fs/WindowsException'{0x00000000d2e219b8}> (0x00000000d2e219b8) 
thrown [s\open\src\hotspot\share\prims\jni.cpp, line 516]
Event: 25.335 Thread 0x0000018e4848ce90 Exception <a 'sun/nio/fs/WindowsException'{0x00000000d2e22230}> (0x00000000d2e22230) 
thrown [s\open\src\hotspot\share\prims\jni.cpp, line 516]
Event: 25.335 Thread 0x0000018e4848ce90 Exception <a 'sun/nio/fs/WindowsException'{0x00000000d2e22460}> (0x00000000d2e22460) 
thrown [s\open\src\hotspot\share\prims\jni.cpp, line 516]
Event: 25.335 Thread 0x0000018e4848ce90 Exception <a 'sun/nio/fs/WindowsException'{0x00000000d2e22cc8}> (0x00000000d2e22cc8) 
thrown [s\open\src\hotspot\share\prims\jni.cpp, line 516]
Event: 25.335 Thread 0x0000018e4848ce90 Exception <a 'sun/nio/fs/WindowsException'{0x00000000d2e22ee8}> (0x00000000d2e22ee8) 
thrown [s\open\src\hotspot\share\prims\jni.cpp, line 516]
Event: 25.335 Thread 0x0000018e4848ce90 Exception <a 'sun/nio/fs/WindowsException'{0x00000000d2e23760}> (0x00000000d2e23760) 
thrown [s\open\src\hotspot\share\prims\jni.cpp, line 516]
Event: 25.335 Thread 0x0000018e4848ce90 Exception <a 'sun/nio/fs/WindowsException'{0x00000000d2e23990}> (0x00000000d2e23990) 
thrown [s\open\src\hotspot\share\prims\jni.cpp, line 516]
Event: 25.335 Thread 0x0000018e4848ce90 Exception <a 'sun/nio/fs/WindowsException'{0x00000000d2e24220}> (0x00000000d2e24220) 
thrown [s\open\src\hotspot\share\prims\jni.cpp, line 516]
Event: 25.335 Thread 0x0000018e4848ce90 Exception <a 'sun/nio/fs/WindowsException'{0x00000000d2e24470}> (0x00000000d2e24470) 
thrown [s\open\src\hotspot\share\prims\jni.cpp, line 516]
Event: 25.336 Thread 0x0000018e4848ce90 Exception <a 'sun/nio/fs/WindowsException'{0x00000000d2e24d18}> (0x00000000d2e24d18) 
thrown [s\open\src\hotspot\share\prims\jni.cpp, line 516]
Event: 25.336 Thread 0x0000018e4848ce90 Exception <a 'sun/nio/fs/WindowsException'{0x00000000d2e24f80}> (0x00000000d2e24f80) 
thrown [s\open\src\hotspot\share\prims\jni.cpp, line 516]
Event: 25.336 Thread 0x0000018e4848ce90 Exception <a 'sun/nio/fs/WindowsException'{0x00000000d2e25820}> (0x00000000d2e25820) 
thrown [s\open\src\hotspot\share\prims\jni.cpp, line 516]
Event: 25.336 Thread 0x0000018e4848ce90 Exception <a 'sun/nio/fs/WindowsException'{0x00000000d2e25a80}> (0x00000000d2e25a80) 
thrown [s\open\src\hotspot\share\prims\jni.cpp, line 516]
Event: 25.902 Thread 0x0000018e00459b00 Implicit null exception at 0x0000018e74095ada to 0x0000018e74095d04
Event: 26.239 Thread 0x0000018e00459b00 Exception <a 'java/lang/NoSuchMethodError'{0x00000000d46edd78}: 'java.lang.Object java.lang.invoke.DirectMethodHandle$Holder.newInvokeSpecial(java.lang.Object, java.lang.Object, int, java.lang.Object, java.lang.Object)'> (0x00000000d46edd78) 
thrown [s\open\src\hotspot\share\interpreter\linkResolver.cpp, line 759]
Event: 26.247 Thread 0x0000018e00459b00 Exception <a 'java/lang/NoSuchMethodError'{0x00000000d46f9010}: 'java.lang.Object java.lang.invoke.DirectMethodHandle$Holder.invokeSpecial(java.lang.Object, java.lang.Object, int, java.lang.Object, int, java.lang.Object)'> (0x00000000d46f9010) 
thrown [s\open\src\hotspot\share\interpreter\linkResolver.cpp, line 759]
Event: 26.249 Thread 0x0000018e00459b00 Exception <a 'java/lang/NoSuchMethodError'{0x00000000d45015f0}: 'java.lang.Object java.lang.invoke.DirectMethodHandle$Holder.newInvokeSpecial(java.lang.Object, java.lang.Object, int, java.lang.Object, int)'> (0x00000000d45015f0) 
thrown [s\open\src\hotspot\share\interpreter\linkResolver.cpp, line 759]
Event: 26.250 Thread 0x0000018e00459b00 Exception <a 'java/lang/NoSuchMethodError'{0x00000000d45056f0}: 'java.lang.Object java.lang.invoke.DirectMethodHandle$Holder.invokeSpecial(java.lang.Object, java.lang.Object, java.lang.Object, int, java.lang.Object, int)'> (0x00000000d45056f0) 
thrown [s\open\src\hotspot\share\interpreter\linkResolver.cpp, line 759]

VM Operations (20 events):
Event: 24.902 Executing VM operation: G1CollectForAllocation
Event: 24.912 Executing VM operation: G1CollectForAllocation done
Event: 24.914 Executing VM operation: G1Concurrent
Event: 24.914 Executing VM operation: G1Concurrent done
Event: 24.977 Executing VM operation: G1CollectForAllocation
Event: 24.996 Executing VM operation: G1CollectForAllocation done
Event: 25.447 Executing VM operation: G1CollectForAllocation
Event: 25.477 Executing VM operation: G1CollectForAllocation done
Event: 26.271 Executing VM operation: HandshakeAllThreads
Event: 26.271 Executing VM operation: HandshakeAllThreads done
Event: 26.286 Executing VM operation: HandshakeAllThreads
Event: 26.286 Executing VM operation: HandshakeAllThreads done
Event: 26.434 Executing VM operation: HandshakeAllThreads
Event: 26.434 Executing VM operation: HandshakeAllThreads done
Event: 26.551 Executing VM operation: HandshakeAllThreads
Event: 26.551 Executing VM operation: HandshakeAllThreads done
Event: 26.551 Executing VM operation: Cleanup
Event: 26.551 Executing VM operation: Cleanup done
Event: 27.562 Executing VM operation: Cleanup
Event: 27.563 Executing VM operation: Cleanup done

Events (20 events):
Event: 26.635 loading class java/beans/WeakIdentityMap$Entry done
Event: 26.635 loading class com/sun/beans/introspect/ClassInfo
Event: 26.636 loading class com/sun/beans/introspect/ClassInfo done
Event: 26.636 loading class com/sun/beans/introspect/ClassInfo$1
Event: 26.636 loading class com/sun/beans/util/Cache
Event: 26.638 loading class com/sun/beans/util/Cache done
Event: 26.638 loading class com/sun/beans/introspect/ClassInfo$1 done
Event: 26.639 loading class com/sun/beans/util/Cache$Kind
Event: 26.639 loading class com/sun/beans/util/Cache$Kind done
Event: 26.639 loading class com/sun/beans/util/Cache$Kind$1
Event: 26.640 loading class com/sun/beans/util/Cache$Kind$1 done
Event: 26.641 loading class com/sun/beans/util/Cache$Kind$2
Event: 26.641 loading class com/sun/beans/util/Cache$Kind$2 done
Event: 26.642 loading class com/sun/beans/util/Cache$Kind$3
Event: 26.642 loading class com/sun/beans/util/Cache$Kind$3 done
Event: 26.642 loading class com/sun/beans/util/Cache$CacheEntry
Event: 26.642 loading class com/sun/beans/util/Cache$CacheEntry done
Event: 26.646 Thread 0x0000018e004595f0 Thread exited: 0x0000018e004595f0
Event: 26.656 Thread 0x0000018e64bcc410 Thread exited: 0x0000018e64bcc410
Event: 26.658 Thread 0x0000018e4848f710 Thread added: 0x0000018e4848f710


Dynamic libraries:
0x00007ff697570000 - 0x00007ff697580000 	C:\Program Files\Java\jdk-17\bin\java.exe
0x00007ffaca5b0000 - 0x00007ffaca7a8000 	C:\Windows\SYSTEM32\ntdll.dll
0x00007ffac9e50000 - 0x00007ffac9f0d000 	C:\Windows\System32\KERNEL32.DLL
0x00007ffac7e90000 - 0x00007ffac8186000 	C:\Windows\System32\KERNELBASE.dll
0x00007ffac7ce0000 - 0x00007ffac7de0000 	C:\Windows\System32\ucrtbase.dll
0x00007ffa97300000 - 0x00007ffa97319000 	C:\Program Files\Java\jdk-17\bin\jli.dll
0x00007ffac8620000 - 0x00007ffac86cf000 	C:\Windows\System32\ADVAPI32.dll
0x00007ffac8c70000 - 0x00007ffac8d0e000 	C:\Windows\System32\msvcrt.dll
0x00007ffac9610000 - 0x00007ffac96ac000 	C:\Windows\System32\sechost.dll
0x00007ffac86d0000 - 0x00007ffac87f6000 	C:\Windows\System32\RPCRT4.dll
0x00007ffac9840000 - 0x00007ffac99de000 	C:\Windows\System32\USER32.dll
0x00007ffa9a1e0000 - 0x00007ffa9a1fb000 	C:\Program Files\Java\jdk-17\bin\VCRUNTIME140.dll
0x00007ffac8360000 - 0x00007ffac8382000 	C:\Windows\System32\win32u.dll
0x00007ffaca060000 - 0x00007ffaca08c000 	C:\Windows\System32\GDI32.dll
0x00007ffac8390000 - 0x00007ffac84aa000 	C:\Windows\System32\gdi32full.dll
0x00007ffac8290000 - 0x00007ffac832d000 	C:\Windows\System32\msvcp_win.dll
0x00007ffab6080000 - 0x00007ffab631a000 	C:\Windows\WinSxS\amd64_microsoft.windows.common-controls_6595b64144ccf1df_6.0.19041.3636_none_60b6a03d71f818d5\COMCTL32.dll
0x00007ffabfec0000 - 0x00007ffabfeca000 	C:\Windows\SYSTEM32\VERSION.dll
0x00007ffac9d70000 - 0x00007ffac9da0000 	C:\Windows\System32\IMM32.DLL
0x00007ffabd810000 - 0x00007ffabd81c000 	C:\Program Files\Java\jdk-17\bin\vcruntime140_1.dll
0x00007ffa91b40000 - 0x00007ffa91bce000 	C:\Program Files\Java\jdk-17\bin\msvcp140.dll
0x00007ffa8ab80000 - 0x00007ffa8b761000 	C:\Program Files\Java\jdk-17\bin\server\jvm.dll
0x00007ffac9fd0000 - 0x00007ffac9fd8000 	C:\Windows\System32\PSAPI.DLL
0x00007ffaaea30000 - 0x00007ffaaea39000 	C:\Windows\SYSTEM32\WSOCK32.dll
0x00007ffabd960000 - 0x00007ffabd987000 	C:\Windows\SYSTEM32\WINMM.dll
0x00007ffaca480000 - 0x00007ffaca4eb000 	C:\Windows\System32\WS2_32.dll
0x00007ffac64e0000 - 0x00007ffac64f2000 	C:\Windows\SYSTEM32\kernel.appcore.dll
0x00007ffa9c6c0000 - 0x00007ffa9c6ca000 	C:\Program Files\Java\jdk-17\bin\jimage.dll
0x00007ffac5b20000 - 0x00007ffac5d04000 	C:\Windows\SYSTEM32\DBGHELP.DLL
0x00007ffaab090000 - 0x00007ffaab0c4000 	C:\Windows\SYSTEM32\dbgcore.DLL
0x00007ffac8190000 - 0x00007ffac8212000 	C:\Windows\System32\bcryptPrimitives.dll
0x00007ffaba290000 - 0x00007ffaba29e000 	C:\Program Files\Java\jdk-17\bin\instrument.dll
0x00007ffa91c50000 - 0x00007ffa91c75000 	C:\Program Files\Java\jdk-17\bin\java.dll
0x00007ffa91720000 - 0x00007ffa917f7000 	C:\Program Files\Java\jdk-17\bin\jsvml.dll
0x00007ffac8ec0000 - 0x00007ffac9605000 	C:\Windows\System32\SHELL32.dll
0x00007ffac5d10000 - 0x00007ffac64ab000 	C:\Windows\SYSTEM32\windows.storage.dll
0x00007ffaca090000 - 0x00007ffaca3e4000 	C:\Windows\System32\combase.dll
0x00007ffac7660000 - 0x00007ffac768d000 	C:\Windows\SYSTEM32\Wldp.dll
0x00007ffac9da0000 - 0x00007ffac9e4d000 	C:\Windows\System32\SHCORE.dll
0x00007ffac9f70000 - 0x00007ffac9fc5000 	C:\Windows\System32\shlwapi.dll
0x00007ffac7bc0000 - 0x00007ffac7be5000 	C:\Windows\SYSTEM32\profapi.dll
0x00007ffa91c30000 - 0x00007ffa91c48000 	C:\Program Files\Java\jdk-17\bin\zip.dll
0x00007ffa92280000 - 0x00007ffa92299000 	C:\Program Files\Java\jdk-17\bin\net.dll
0x00007ffabf310000 - 0x00007ffabf41a000 	C:\Windows\SYSTEM32\WINHTTP.dll
0x00007ffac7360000 - 0x00007ffac73ca000 	C:\Windows\system32\mswsock.dll
0x00007ffa92000000 - 0x00007ffa92016000 	C:\Program Files\Java\jdk-17\bin\nio.dll
0x00007ffa91b20000 - 0x00007ffa91b3a000 	C:\Program Files\JetBrains\IntelliJ IDEA Community Edition 2023.3.1\bin\breakgen64.dll
0x00007ffaba280000 - 0x00007ffaba28a000 	C:\Program Files\Java\jdk-17\bin\management.dll
0x00007ffa9c290000 - 0x00007ffa9c29b000 	C:\Program Files\Java\jdk-17\bin\management_ext.dll
0x00007ffac7560000 - 0x00007ffac7578000 	C:\Windows\SYSTEM32\CRYPTSP.dll
0x00007ffac6c90000 - 0x00007ffac6cc4000 	C:\Windows\system32\rsaenh.dll
0x00007ffac8330000 - 0x00007ffac8357000 	C:\Windows\System32\bcrypt.dll
0x00007ffac7b80000 - 0x00007ffac7bae000 	C:\Windows\SYSTEM32\USERENV.dll
0x00007ffac7550000 - 0x00007ffac755c000 	C:\Windows\SYSTEM32\CRYPTBASE.dll
0x00007ffac7050000 - 0x00007ffac708b000 	C:\Windows\SYSTEM32\IPHLPAPI.DLL
0x00007ffac8610000 - 0x00007ffac8618000 	C:\Windows\System32\NSI.dll
0x00007ffabfea0000 - 0x00007ffabfeb7000 	C:\Windows\SYSTEM32\dhcpcsvc6.DLL
0x00007ffac0880000 - 0x00007ffac089d000 	C:\Windows\SYSTEM32\dhcpcsvc.DLL
0x00007ffac7090000 - 0x00007ffac715a000 	C:\Windows\SYSTEM32\DNSAPI.dll
0x00007ffa91b10000 - 0x00007ffa91b1e000 	C:\Program Files\Java\jdk-17\bin\sunmscapi.dll
0x00007ffac84b0000 - 0x00007ffac860d000 	C:\Windows\System32\CRYPT32.dll
0x00007ffac76d0000 - 0x00007ffac76f7000 	C:\Windows\SYSTEM32\ncrypt.dll
0x00007ffac7690000 - 0x00007ffac76cb000 	C:\Windows\SYSTEM32\NTASN1.dll
0x00007ffa91b00000 - 0x00007ffa91b10000 	C:\Program Files\Java\jdk-17\bin\verify.dll
0x00007ffab73b0000 - 0x00007ffab73ba000 	C:\Windows\System32\rasadhlp.dll
0x00007ffab7680000 - 0x00007ffab7700000 	C:\Windows\System32\fwpuclnt.dll
0x00007ffabff80000 - 0x00007ffabff87000 	C:\Windows\system32\wshunix.dll

dbghelp: loaded successfully - version: 4.0.5 - missing functions: none
symbol engine: initialized successfully - sym options: 0x614 - pdb path: .;C:\Program Files\Java\jdk-17\bin;C:\Windows\SYSTEM32;C:\Windows\WinSxS\amd64_microsoft.windows.common-controls_6595b64144ccf1df_6.0.19041.3636_none_60b6a03d71f818d5;C:\Program Files\Java\jdk-17\bin\server;C:\Program Files\JetBrains\IntelliJ IDEA Community Edition 2023.3.1\bin

VM Arguments:
jvm_args: -javaagent:C:\Program Files\JetBrains\IntelliJ IDEA Community Edition 2023.3.1\lib\idea_rt.jar=61119:C:\Program Files\JetBrains\IntelliJ IDEA Community Edition 2023.3.1\bin -Dfile.encoding=UTF-8 
java_command: com.store.store.StoreApplication
java_class_path (initial): C:\Projelerim\store\target\classes;C:\Users\Harun\.m2\repository\org\springframework\boot\spring-boot-starter-data-jpa\3.1.5\spring-boot-starter-data-jpa-3.1.5.jar;C:\Users\Harun\.m2\repository\org\springframework\boot\spring-boot-starter-aop\3.1.5\spring-boot-starter-aop-3.1.5.jar;C:\Users\Harun\.m2\repository\org\springframework\spring-aop\6.0.13\spring-aop-6.0.13.jar;C:\Users\Harun\.m2\repository\org\aspectj\aspectjweaver\1.9.20\aspectjweaver-1.9.20.jar;C:\Users\Harun\.m2\repository\org\springframework\boot\spring-boot-starter-jdbc\3.1.5\spring-boot-starter-jdbc-3.1.5.jar;C:\Users\Harun\.m2\repository\com\zaxxer\HikariCP\5.0.1\HikariCP-5.0.1.jar;C:\Users\Harun\.m2\repository\org\springframework\spring-jdbc\6.0.13\spring-jdbc-6.0.13.jar;C:\Users\Harun\.m2\repository\org\hibernate\orm\hibernate-core\6.2.13.Final\hibernate-core-6.2.13.Final.jar;C:\Users\Harun\.m2\repository\jakarta\persistence\jakarta.persistence-api\3.1.0\jakarta.persistence-api-3.1.0.jar;C:\Users\Harun\.m2\repository\jakarta\transaction\jakarta.transaction-api\2.0.1\jakarta.transaction-api-2.0.1.jar;C:\Users\Harun\.m2\repository\org\jboss\logging\jboss-logging\3.5.3.Final\jboss-logging-3.5.3.Final.jar;C:\Users\Harun\.m2\repository\org\hibernate\common\hibernate-commons-annotations\6.0.6.Final\hibernate-commons-annotations-6.0.6.Final.jar;C:\Users\Harun\.m2\repository\io\smallrye\jandex\3.0.5\jandex-3.0.5.jar;C:\Users\Harun\.m2\repository\com\fasterxml\classmate\1.5.1\classmate-1.5.1.jar;C:\Users\Harun\.m2\repository\net\bytebuddy\byte-buddy\1.14.9\byte-buddy-1.14.9.jar;C:\Users\Harun\.m2\repository\org\glassfish\jaxb\jaxb-runtime\4.0.3\jaxb-runtime-4.0.3.jar;C:\Users\Harun\.m2\repository\org\glassfish\jaxb\jaxb-core\4.0.3\jaxb-core-4.0.3.jar;C:\Users\Harun\.m2\repository\org\eclipse\angus\angus-activation\2.0.1\angus-activation-2.0.1.jar;C:\Users\Harun\.m2\repository\org\glassfish\jaxb\txw2\4.0.3\txw2-4.0.3.jar;C:\Users\Harun\.m2\repository\com\sun\istack\istack-common
Launcher Type: SUN_STANDARD

[Global flags]
     intx CICompilerCount                          = 4                                         {product} {ergonomic}
     uint ConcGCThreads                            = 2                                         {product} {ergonomic}
     uint G1ConcRefinementThreads                  = 8                                         {product} {ergonomic}
   size_t G1HeapRegionSize                         = 1048576                                   {product} {ergonomic}
    uintx GCDrainStackTargetSize                   = 64                                        {product} {ergonomic}
   size_t InitialHeapSize                          = 58720256                                  {product} {ergonomic}
   size_t MarkStackSize                            = 4194304                                   {product} {ergonomic}
   size_t MaxHeapSize                              = 908066816                                 {product} {ergonomic}
   size_t MaxNewSize                               = 544210944                                 {product} {ergonomic}
   size_t MinHeapDeltaBytes                        = 1048576                                   {product} {ergonomic}
   size_t MinHeapSize                              = 8388608                                   {product} {ergonomic}
    uintx NonNMethodCodeHeapSize                   = 5839372                                {pd product} {ergonomic}
    uintx NonProfiledCodeHeapSize                  = 122909434                              {pd product} {ergonomic}
    uintx ProfiledCodeHeapSize                     = 122909434                              {pd product} {ergonomic}
    uintx ReservedCodeCacheSize                    = 251658240                              {pd product} {ergonomic}
     bool SegmentedCodeCache                       = true                                      {product} {ergonomic}
   size_t SoftMaxHeapSize                          = 908066816                              {manageable} {ergonomic}
     bool UseCompressedClassPointers               = true                           {product lp64_product} {ergonomic}
     bool UseCompressedOops                        = true                           {product lp64_product} {ergonomic}
     bool UseG1GC                                  = true                                      {product} {ergonomic}
     bool UseLargePagesIndividualAllocation        = false                                  {pd product} {ergonomic}

Logging:
Log output configuration:
 #0: stdout all=warning uptime,level,tags
 #1: stderr all=off uptime,level,tags

Environment Variables:
JAVA_HOME=C:\Program Files\Java\jdk-17
PATH=C:\Program Files\Common Files\Oracle\Java\javapath;C:\Windows\system32;C:\Windows;C:\Windows\System32\Wbem;C:\Windows\System32\WindowsPowerShell\v1.0\;C:\Windows\System32\OpenSSH\;C:\Program Files\Microsoft VS Code\bin;C:\Program Files\Git\cmd;C:\Program Files\nodejs\;C:\Users\Harun\AppData\Local\Microsoft\WindowsApps;C:\Users\Harun\AppData\Local\GitHubDesktop\bin;C:\Program Files\Java\jdk-17\bin;C:\Users\Harun\AppData\Roaming\npm
USERNAME=Harun
OS=Windows_NT
PROCESSOR_IDENTIFIER=AMD64 Family 23 Model 24 Stepping 1, AuthenticAMD



---------------  S Y S T E M  ---------------

OS:
 Windows 10 , 64 bit Build 19041 (10.0.19041.3636)
OS uptime: 0 days 8:58 hours

CPU: total 8 (initial active 8) (8 cores per cpu, 2 threads per core) family 23 model 24 stepping 1 microcode 0x0, cx8, cmov, fxsr, ht, mmx, 3dnowpref, sse, sse2, sse3, ssse3, sse4a, sse4.1, sse4.2, popcnt, lzcnt, tsc, tscinvbit, avx, avx2, aes, clmul, bmi1, bmi2, adx, sha, fma, vzeroupper, clflush, clflushopt

Memory: 4k page, system-wide physical 3460M (120M free)
TotalPageFile size 14212M (AvailPageFile size 3M)
current process WorkingSet (physical memory assigned to process): 189M, peak: 271M
current process commit charge ("private bytes"): 410M, peak: 420M

vm_info: Java HotSpot(TM) 64-Bit Server VM (17.0.9+11-LTS-201) for windows-amd64 JRE (17.0.9+11-LTS-201), built on Oct 10 2023 23:16:06 by "mach5one" with MS VC++ 17.1 (VS2022)

END.
